Build started 2/23/2015 2:32:50 PM.
     1>Project "C:\Users\quinn.mosher\Documents\GitHub\GraphsAndPathfinding\Pathfinding\Pathfinding\Pathfinding.vcxproj" on node 2 (Build target(s)).
     1>ClCompile:
         C:\Program Files (x86)\Microsoft Visual Studio 12.0\VC\bin\CL.exe /c /IC:\Users\quinn.mosher\Documents\GitHub\GraphsAndPathfinding\Pathfinding\Pathfinding\\include /ZI /nologo /W3 /WX- /sdl /Od /Oy- /D _MBCS /Gm /EHsc /RTC1 /MDd /GS /fp:precise /Zc:wchar_t /Zc:forScope /Fo"Debug\\" /Fd"Debug\vc120.pdb" /Gd /TP /analyze- /errorReport:prompt source\Graph.cpp
         Graph.cpp
     1>c:\users\quinn.mosher\documents\github\graphsandpathfinding\pathfinding\pathfinding\source\graph.cpp(20): warning C4018: '<' : signed/unsigned mismatch
     1>c:\users\quinn.mosher\documents\github\graphsandpathfinding\pathfinding\pathfinding\source\graph.cpp(33): warning C4018: '<' : signed/unsigned mismatch
     1>c:\users\quinn.mosher\documents\github\graphsandpathfinding\pathfinding\pathfinding\source\graph.cpp(53): warning C4018: '<' : signed/unsigned mismatch
     1>c:\users\quinn.mosher\documents\github\graphsandpathfinding\pathfinding\pathfinding\source\graph.cpp(56): warning C4018: '<' : signed/unsigned mismatch
     1>c:\users\quinn.mosher\documents\github\graphsandpathfinding\pathfinding\pathfinding\source\graph.cpp(132): warning C4018: '<' : signed/unsigned mismatch
     1>c:\users\quinn.mosher\documents\github\graphsandpathfinding\pathfinding\pathfinding\source\graph.cpp(141): warning C4018: '<' : signed/unsigned mismatch
     1>c:\users\quinn.mosher\documents\github\graphsandpathfinding\pathfinding\pathfinding\source\graph.cpp(148): warning C4018: '<' : signed/unsigned mismatch
     1>c:\users\quinn.mosher\documents\github\graphsandpathfinding\pathfinding\pathfinding\source\graph.cpp(179): warning C4018: '<' : signed/unsigned mismatch
     1>c:\users\quinn.mosher\documents\github\graphsandpathfinding\pathfinding\pathfinding\source\graph.cpp(215): warning C4018: '<' : signed/unsigned mismatch
     1>c:\users\quinn.mosher\documents\github\graphsandpathfinding\pathfinding\pathfinding\source\graph.cpp(224): warning C4018: '<' : signed/unsigned mismatch
     1>c:\users\quinn.mosher\documents\github\graphsandpathfinding\pathfinding\pathfinding\source\graph.cpp(262): warning C4018: '<' : signed/unsigned mismatch
     1>c:\users\quinn.mosher\documents\github\graphsandpathfinding\pathfinding\pathfinding\source\graph.cpp(264): warning C4018: '<' : signed/unsigned mismatch
     1>c:\users\quinn.mosher\documents\github\graphsandpathfinding\pathfinding\pathfinding\source\graph.cpp(266): warning C4244: '=' : conversion from 'float' to 'int', possible loss of data
     1>c:\users\quinn.mosher\documents\github\graphsandpathfinding\pathfinding\pathfinding\source\graph.cpp(276): warning C4018: '<' : signed/unsigned mismatch
     1>c:\users\quinn.mosher\documents\github\graphsandpathfinding\pathfinding\pathfinding\source\graph.cpp(286): warning C4018: '<' : signed/unsigned mismatch
     1>c:\users\quinn.mosher\documents\github\graphsandpathfinding\pathfinding\pathfinding\source\graph.cpp(346): warning C4018: '<' : signed/unsigned mismatch
     1>c:\users\quinn.mosher\documents\github\graphsandpathfinding\pathfinding\pathfinding\source\graph.cpp(361): warning C4018: '<' : signed/unsigned mismatch
     1>c:\users\quinn.mosher\documents\github\graphsandpathfinding\pathfinding\pathfinding\source\graph.cpp(371): warning C4018: '<' : signed/unsigned mismatch
       Link:
         C:\Program Files (x86)\Microsoft Visual Studio 12.0\VC\bin\link.exe /ERRORREPORT:PROMPT /OUT:"C:\Users\quinn.mosher\Documents\GitHub\GraphsAndPathfinding\Pathfinding\Debug\Pathfinding.exe" /INCREMENTAL /NOLOGO kernel32.lib user32.lib gdi32.lib winspool.lib comdlg32.lib advapi32.lib shell32.lib ole32.lib oleaut32.lib uuid.lib odbc32.lib odbccp32.lib /MANIFEST /MANIFESTUAC:"level='asInvoker' uiAccess='false'" /manifest:embed /DEBUG /PDB:"C:\Users\quinn.mosher\Documents\GitHub\GraphsAndPathfinding\Pathfinding\Debug\Pathfinding.pdb" /TLBID:1 /DYNAMICBASE /NXCOMPAT /IMPLIB:"C:\Users\quinn.mosher\Documents\GitHub\GraphsAndPathfinding\Pathfinding\Debug\Pathfinding.lib" /MACHINE:X86 Debug\Graph.obj
         Debug\Main.obj
         Pathfinding.vcxproj -> C:\Users\quinn.mosher\Documents\GitHub\GraphsAndPathfinding\Pathfinding\Debug\Pathfinding.exe
     1>Done Building Project "C:\Users\quinn.mosher\Documents\GitHub\GraphsAndPathfinding\Pathfinding\Pathfinding\Pathfinding.vcxproj" (Build target(s)).

Build succeeded.

Time Elapsed 00:00:00.67
